<?xml version="1.0" encoding="UTF-8"?>
<testsuite xmlns:xsi="http://www.w3.org/2001/XMLSchema-instance" xsi:noNamespaceSchemaLocation="https://maven.apache.org/surefire/maven-surefire-plugin/xsd/surefire-test-report-3.0.xsd" version="3.0" name="com.betterfb.UserControllerTest" time="0.557" tests="8" errors="0" skipped="0" failures="0">
  <properties>
    <property name="java.specification.version" value="21"/>
    <property name="sun.jnu.encoding" value="UTF-8"/>
    <property name="java.class.path" value="/home/bartlinux/STUDIA/SEMESTR 5/ADVANCED NETWORK TECHNOLOGIES/betterfb/betterfb/backend/target/test-classes:/home/bartlinux/STUDIA/SEMESTR 5/ADVANCED NETWORK TECHNOLOGIES/betterfb/betterfb/backend/target/classes:/home/bartlinux/.m2/repository/jakarta/platform/jakarta.jakartaee-api/10.0.0/jakarta.jakartaee-api-10.0.0.jar:/home/bartlinux/.m2/repository/jakarta/platform/jakarta.jakartaee-web-api/10.0.0/jakarta.jakartaee-web-api-10.0.0.jar:/home/bartlinux/.m2/repository/jakarta/servlet/jakarta.servlet-api/6.0.0/jakarta.servlet-api-6.0.0.jar:/home/bartlinux/.m2/repository/jakarta/servlet/jsp/jakarta.servlet.jsp-api/3.1.0/jakarta.servlet.jsp-api-3.1.0.jar:/home/bartlinux/.m2/repository/jakarta/el/jakarta.el-api/5.0.1/jakarta.el-api-5.0.1.jar:/home/bartlinux/.m2/repository/jakarta/servlet/jsp/jstl/jakarta.servlet.jsp.jstl-api/3.0.0/jakarta.servlet.jsp.jstl-api-3.0.0.jar:/home/bartlinux/.m2/repository/jakarta/faces/jakarta.faces-api/4.0.1/jakarta.faces-api-4.0.1.jar:/home/bartlinux/.m2/repository/jakarta/websocket/jakarta.websocket-api/2.1.0/jakarta.websocket-api-2.1.0.jar:/home/bartlinux/.m2/repository/jakarta/websocket/jakarta.websocket-client-api/2.1.0/jakarta.websocket-client-api-2.1.0.jar:/home/bartlinux/.m2/repository/jakarta/json/jakarta.json-api/2.1.0/jakarta.json-api-2.1.0.jar:/home/bartlinux/.m2/repository/jakarta/json/bind/jakarta.json.bind-api/3.0.0/jakarta.json.bind-api-3.0.0.jar:/home/bartlinux/.m2/repository/jakarta/ejb/jakarta.ejb-api/4.0.1/jakarta.ejb-api-4.0.1.jar:/home/bartlinux/.m2/repository/jakarta/transaction/jakarta.transaction-api/2.0.1/jakarta.transaction-api-2.0.1.jar:/home/bartlinux/.m2/repository/jakarta/persistence/jakarta.persistence-api/3.1.0/jakarta.persistence-api-3.1.0.jar:/home/bartlinux/.m2/repository/jakarta/interceptor/jakarta.interceptor-api/2.1.0/jakarta.interceptor-api-2.1.0.jar:/home/bartlinux/.m2/repository/jakarta/enterprise/jakarta.enterprise.cdi-api/4.0.1/jakarta.enterprise.cdi-api-4.0.1.jar:/home/bartlinux/.m2/repository/jakarta/enterprise/jakarta.enterprise.lang-model/4.0.1/jakarta.enterprise.lang-model-4.0.1.jar:/home/bartlinux/.m2/repository/jakarta/authentication/jakarta.authentication-api/3.0.0/jakarta.authentication-api-3.0.0.jar:/home/bartlinux/.m2/repository/jakarta/security/enterprise/jakarta.security.enterprise-api/3.0.0/jakarta.security.enterprise-api-3.0.0.jar:/home/bartlinux/.m2/repository/jakarta/jms/jakarta.jms-api/3.1.0/jakarta.jms-api-3.1.0.jar:/home/bartlinux/.m2/repository/jakarta/activation/jakarta.activation-api/2.1.0/jakarta.activation-api-2.1.0.jar:/home/bartlinux/.m2/repository/jakarta/mail/jakarta.mail-api/2.1.0/jakarta.mail-api-2.1.0.jar:/home/bartlinux/.m2/repository/jakarta/resource/jakarta.resource-api/2.1.0/jakarta.resource-api-2.1.0.jar:/home/bartlinux/.m2/repository/jakarta/authorization/jakarta.authorization-api/2.1.0/jakarta.authorization-api-2.1.0.jar:/home/bartlinux/.m2/repository/jakarta/batch/jakarta.batch-api/2.1.1/jakarta.batch-api-2.1.1.jar:/home/bartlinux/.m2/repository/com/mysql/mysql-connector-j/8.0.33/mysql-connector-j-8.0.33.jar:/home/bartlinux/.m2/repository/com/google/protobuf/protobuf-java/3.21.9/protobuf-java-3.21.9.jar:/home/bartlinux/.m2/repository/jakarta/ws/rs/jakarta.ws.rs-api/4.0.0/jakarta.ws.rs-api-4.0.0.jar:/home/bartlinux/.m2/repository/com/sun/mail/jakarta.mail/2.0.1/jakarta.mail-2.0.1.jar:/home/bartlinux/.m2/repository/com/sun/activation/jakarta.activation/2.0.1/jakarta.activation-2.0.1.jar:/home/bartlinux/.m2/repository/org/junit/jupiter/junit-jupiter-api/5.8.2/junit-jupiter-api-5.8.2.jar:/home/bartlinux/.m2/repository/org/opentest4j/opentest4j/1.2.0/opentest4j-1.2.0.jar:/home/bartlinux/.m2/repository/org/junit/platform/junit-platform-commons/1.8.2/junit-platform-commons-1.8.2.jar:/home/bartlinux/.m2/repository/org/apiguardian/apiguardian-api/1.1.2/apiguardian-api-1.1.2.jar:/home/bartlinux/.m2/repository/org/mockito/mockito-core/5.15.2/mockito-core-5.15.2.jar:/home/bartlinux/.m2/repository/net/bytebuddy/byte-buddy/1.15.11/byte-buddy-1.15.11.jar:/home/bartlinux/.m2/repository/net/bytebuddy/byte-buddy-agent/1.15.11/byte-buddy-agent-1.15.11.jar:/home/bartlinux/.m2/repository/org/objenesis/objenesis/3.3/objenesis-3.3.jar:/home/bartlinux/.m2/repository/org/glassfish/jersey/core/jersey-common/3.0.2/jersey-common-3.0.2.jar:/home/bartlinux/.m2/repository/jakarta/annotation/jakarta.annotation-api/2.0.0/jakarta.annotation-api-2.0.0.jar:/home/bartlinux/.m2/repository/jakarta/inject/jakarta.inject-api/2.0.0/jakarta.inject-api-2.0.0.jar:/home/bartlinux/.m2/repository/org/glassfish/hk2/osgi-resource-locator/1.0.3/osgi-resource-locator-1.0.3.jar:/home/bartlinux/.m2/repository/org/glassfish/jersey/core/jersey-server/3.0.2/jersey-server-3.0.2.jar:/home/bartlinux/.m2/repository/org/glassfish/jersey/core/jersey-client/3.0.2/jersey-client-3.0.2.jar:/home/bartlinux/.m2/repository/jakarta/validation/jakarta.validation-api/3.0.0/jakarta.validation-api-3.0.0.jar:/home/bartlinux/.m2/repository/org/glassfish/jersey/inject/jersey-hk2/3.0.2/jersey-hk2-3.0.2.jar:/home/bartlinux/.m2/repository/org/glassfish/hk2/hk2-locator/3.0.1/hk2-locator-3.0.1.jar:/home/bartlinux/.m2/repository/org/glassfish/hk2/external/aopalliance-repackaged/3.0.1/aopalliance-repackaged-3.0.1.jar:/home/bartlinux/.m2/repository/org/glassfish/hk2/hk2-api/3.0.1/hk2-api-3.0.1.jar:/home/bartlinux/.m2/repository/org/glassfish/hk2/hk2-utils/3.0.1/hk2-utils-3.0.1.jar:/home/bartlinux/.m2/repository/org/javassist/javassist/3.25.0-GA/javassist-3.25.0-GA.jar:/home/bartlinux/.m2/repository/org/mockito/mockito-inline/5.2.0/mockito-inline-5.2.0.jar:"/>
    <property name="java.vm.vendor" value="Arch Linux"/>
    <property name="sun.arch.data.model" value="64"/>
    <property name="java.vendor.url" value="https://openjdk.org/"/>
    <property name="user.timezone" value="Europe/Warsaw"/>
    <property name="os.name" value="Linux"/>
    <property name="java.vm.specification.version" value="21"/>
    <property name="sun.java.launcher" value="SUN_STANDARD"/>
    <property name="user.country" value="PL"/>
    <property name="sun.boot.library.path" value="/usr/lib/jvm/java-21-openjdk/lib"/>
    <property name="sun.java.command" value="/home/bartlinux/STUDIA/SEMESTR 5/ADVANCED NETWORK TECHNOLOGIES/betterfb/betterfb/backend/target/surefire/surefirebooter-20250107171857859_3.jar /home/bartlinux/STUDIA/SEMESTR 5/ADVANCED NETWORK TECHNOLOGIES/betterfb/betterfb/backend/target/surefire 2025-01-07T17-18-57_809-jvmRun1 surefire-20250107171857859_1tmp surefire_0-20250107171857859_2tmp"/>
    <property name="jdk.debug" value="release"/>
    <property name="surefire.test.class.path" value="/home/bartlinux/STUDIA/SEMESTR 5/ADVANCED NETWORK TECHNOLOGIES/betterfb/betterfb/backend/target/test-classes:/home/bartlinux/STUDIA/SEMESTR 5/ADVANCED NETWORK TECHNOLOGIES/betterfb/betterfb/backend/target/classes:/home/bartlinux/.m2/repository/jakarta/platform/jakarta.jakartaee-api/10.0.0/jakarta.jakartaee-api-10.0.0.jar:/home/bartlinux/.m2/repository/jakarta/platform/jakarta.jakartaee-web-api/10.0.0/jakarta.jakartaee-web-api-10.0.0.jar:/home/bartlinux/.m2/repository/jakarta/servlet/jakarta.servlet-api/6.0.0/jakarta.servlet-api-6.0.0.jar:/home/bartlinux/.m2/repository/jakarta/servlet/jsp/jakarta.servlet.jsp-api/3.1.0/jakarta.servlet.jsp-api-3.1.0.jar:/home/bartlinux/.m2/repository/jakarta/el/jakarta.el-api/5.0.1/jakarta.el-api-5.0.1.jar:/home/bartlinux/.m2/repository/jakarta/servlet/jsp/jstl/jakarta.servlet.jsp.jstl-api/3.0.0/jakarta.servlet.jsp.jstl-api-3.0.0.jar:/home/bartlinux/.m2/repository/jakarta/faces/jakarta.faces-api/4.0.1/jakarta.faces-api-4.0.1.jar:/home/bartlinux/.m2/repository/jakarta/websocket/jakarta.websocket-api/2.1.0/jakarta.websocket-api-2.1.0.jar:/home/bartlinux/.m2/repository/jakarta/websocket/jakarta.websocket-client-api/2.1.0/jakarta.websocket-client-api-2.1.0.jar:/home/bartlinux/.m2/repository/jakarta/json/jakarta.json-api/2.1.0/jakarta.json-api-2.1.0.jar:/home/bartlinux/.m2/repository/jakarta/json/bind/jakarta.json.bind-api/3.0.0/jakarta.json.bind-api-3.0.0.jar:/home/bartlinux/.m2/repository/jakarta/ejb/jakarta.ejb-api/4.0.1/jakarta.ejb-api-4.0.1.jar:/home/bartlinux/.m2/repository/jakarta/transaction/jakarta.transaction-api/2.0.1/jakarta.transaction-api-2.0.1.jar:/home/bartlinux/.m2/repository/jakarta/persistence/jakarta.persistence-api/3.1.0/jakarta.persistence-api-3.1.0.jar:/home/bartlinux/.m2/repository/jakarta/interceptor/jakarta.interceptor-api/2.1.0/jakarta.interceptor-api-2.1.0.jar:/home/bartlinux/.m2/repository/jakarta/enterprise/jakarta.enterprise.cdi-api/4.0.1/jakarta.enterprise.cdi-api-4.0.1.jar:/home/bartlinux/.m2/repository/jakarta/enterprise/jakarta.enterprise.lang-model/4.0.1/jakarta.enterprise.lang-model-4.0.1.jar:/home/bartlinux/.m2/repository/jakarta/authentication/jakarta.authentication-api/3.0.0/jakarta.authentication-api-3.0.0.jar:/home/bartlinux/.m2/repository/jakarta/security/enterprise/jakarta.security.enterprise-api/3.0.0/jakarta.security.enterprise-api-3.0.0.jar:/home/bartlinux/.m2/repository/jakarta/jms/jakarta.jms-api/3.1.0/jakarta.jms-api-3.1.0.jar:/home/bartlinux/.m2/repository/jakarta/activation/jakarta.activation-api/2.1.0/jakarta.activation-api-2.1.0.jar:/home/bartlinux/.m2/repository/jakarta/mail/jakarta.mail-api/2.1.0/jakarta.mail-api-2.1.0.jar:/home/bartlinux/.m2/repository/jakarta/resource/jakarta.resource-api/2.1.0/jakarta.resource-api-2.1.0.jar:/home/bartlinux/.m2/repository/jakarta/authorization/jakarta.authorization-api/2.1.0/jakarta.authorization-api-2.1.0.jar:/home/bartlinux/.m2/repository/jakarta/batch/jakarta.batch-api/2.1.1/jakarta.batch-api-2.1.1.jar:/home/bartlinux/.m2/repository/com/mysql/mysql-connector-j/8.0.33/mysql-connector-j-8.0.33.jar:/home/bartlinux/.m2/repository/com/google/protobuf/protobuf-java/3.21.9/protobuf-java-3.21.9.jar:/home/bartlinux/.m2/repository/jakarta/ws/rs/jakarta.ws.rs-api/4.0.0/jakarta.ws.rs-api-4.0.0.jar:/home/bartlinux/.m2/repository/com/sun/mail/jakarta.mail/2.0.1/jakarta.mail-2.0.1.jar:/home/bartlinux/.m2/repository/com/sun/activation/jakarta.activation/2.0.1/jakarta.activation-2.0.1.jar:/home/bartlinux/.m2/repository/org/junit/jupiter/junit-jupiter-api/5.8.2/junit-jupiter-api-5.8.2.jar:/home/bartlinux/.m2/repository/org/opentest4j/opentest4j/1.2.0/opentest4j-1.2.0.jar:/home/bartlinux/.m2/repository/org/junit/platform/junit-platform-commons/1.8.2/junit-platform-commons-1.8.2.jar:/home/bartlinux/.m2/repository/org/apiguardian/apiguardian-api/1.1.2/apiguardian-api-1.1.2.jar:/home/bartlinux/.m2/repository/org/mockito/mockito-core/5.15.2/mockito-core-5.15.2.jar:/home/bartlinux/.m2/repository/net/bytebuddy/byte-buddy/1.15.11/byte-buddy-1.15.11.jar:/home/bartlinux/.m2/repository/net/bytebuddy/byte-buddy-agent/1.15.11/byte-buddy-agent-1.15.11.jar:/home/bartlinux/.m2/repository/org/objenesis/objenesis/3.3/objenesis-3.3.jar:/home/bartlinux/.m2/repository/org/glassfish/jersey/core/jersey-common/3.0.2/jersey-common-3.0.2.jar:/home/bartlinux/.m2/repository/jakarta/annotation/jakarta.annotation-api/2.0.0/jakarta.annotation-api-2.0.0.jar:/home/bartlinux/.m2/repository/jakarta/inject/jakarta.inject-api/2.0.0/jakarta.inject-api-2.0.0.jar:/home/bartlinux/.m2/repository/org/glassfish/hk2/osgi-resource-locator/1.0.3/osgi-resource-locator-1.0.3.jar:/home/bartlinux/.m2/repository/org/glassfish/jersey/core/jersey-server/3.0.2/jersey-server-3.0.2.jar:/home/bartlinux/.m2/repository/org/glassfish/jersey/core/jersey-client/3.0.2/jersey-client-3.0.2.jar:/home/bartlinux/.m2/repository/jakarta/validation/jakarta.validation-api/3.0.0/jakarta.validation-api-3.0.0.jar:/home/bartlinux/.m2/repository/org/glassfish/jersey/inject/jersey-hk2/3.0.2/jersey-hk2-3.0.2.jar:/home/bartlinux/.m2/repository/org/glassfish/hk2/hk2-locator/3.0.1/hk2-locator-3.0.1.jar:/home/bartlinux/.m2/repository/org/glassfish/hk2/external/aopalliance-repackaged/3.0.1/aopalliance-repackaged-3.0.1.jar:/home/bartlinux/.m2/repository/org/glassfish/hk2/hk2-api/3.0.1/hk2-api-3.0.1.jar:/home/bartlinux/.m2/repository/org/glassfish/hk2/hk2-utils/3.0.1/hk2-utils-3.0.1.jar:/home/bartlinux/.m2/repository/org/javassist/javassist/3.25.0-GA/javassist-3.25.0-GA.jar:/home/bartlinux/.m2/repository/org/mockito/mockito-inline/5.2.0/mockito-inline-5.2.0.jar:"/>
    <property name="sun.cpu.endian" value="little"/>
    <property name="user.home" value="/home/bartlinux"/>
    <property name="user.language" value="pl"/>
    <property name="java.specification.vendor" value="Oracle Corporation"/>
    <property name="java.version.date" value="2024-10-15"/>
    <property name="java.home" value="/usr/lib/jvm/java-21-openjdk"/>
    <property name="file.separator" value="/"/>
    <property name="basedir" value="/home/bartlinux/STUDIA/SEMESTR 5/ADVANCED NETWORK TECHNOLOGIES/betterfb/betterfb/backend"/>
    <property name="java.vm.compressedOopsMode" value="Zero based"/>
    <property name="line.separator" value="&#10;"/>
    <property name="java.specification.name" value="Java Platform API Specification"/>
    <property name="java.vm.specification.vendor" value="Oracle Corporation"/>
    <property name="surefire.real.class.path" value="/home/bartlinux/STUDIA/SEMESTR 5/ADVANCED NETWORK TECHNOLOGIES/betterfb/betterfb/backend/target/surefire/surefirebooter-20250107171857859_3.jar"/>
    <property name="sun.management.compiler" value="HotSpot 64-Bit Tiered Compilers"/>
    <property name="java.runtime.version" value="21.0.5+11"/>
    <property name="user.name" value="bartlinux"/>
    <property name="stdout.encoding" value="UTF-8"/>
    <property name="path.separator" value=":"/>
    <property name="os.version" value="6.12.4-1-MANJARO"/>
    <property name="java.runtime.name" value="OpenJDK Runtime Environment"/>
    <property name="file.encoding" value="UTF-8"/>
    <property name="java.vm.name" value="OpenJDK 64-Bit Server VM"/>
    <property name="localRepository" value="/home/bartlinux/.m2/repository"/>
    <property name="java.vendor.url.bug" value="https://bugreport.java.com/bugreport/"/>
    <property name="java.io.tmpdir" value="/tmp"/>
    <property name="java.version" value="21.0.5"/>
    <property name="user.dir" value="/home/bartlinux/STUDIA/SEMESTR 5/ADVANCED NETWORK TECHNOLOGIES/betterfb/betterfb/backend"/>
    <property name="os.arch" value="amd64"/>
    <property name="java.vm.specification.name" value="Java Virtual Machine Specification"/>
    <property name="native.encoding" value="UTF-8"/>
    <property name="java.library.path" value="/usr/java/packages/lib:/usr/lib64:/lib64:/lib:/usr/lib"/>
    <property name="java.vm.info" value="mixed mode, sharing"/>
    <property name="stderr.encoding" value="UTF-8"/>
    <property name="java.vendor" value="Arch Linux"/>
    <property name="java.vm.version" value="21.0.5+11"/>
    <property name="sun.io.unicode.encoding" value="UnicodeLittle"/>
    <property name="java.class.version" value="65.0"/>
  </properties>
  <testcase name="testRequestPasswordReset_EmailIsRequired" classname="com.betterfb.UserControllerTest" time="0.497">
    <system-err><![CDATA[Mockito is currently self-attaching to enable the inline-mock-maker. This will no longer work in future releases of the JDK. Please add Mockito as an agent to your build as described in Mockito's documentation: https://javadoc.io/doc/org.mockito/mockito-core/latest/org/mockito/Mockito.html#0.3
WARNING: A Java agent has been loaded dynamically (/home/bartlinux/.m2/repository/net/bytebuddy/byte-buddy-agent/1.15.11/byte-buddy-agent-1.15.11.jar)
WARNING: If a serviceability tool is in use, please run with -XX:+EnableDynamicAgentLoading to hide this warning
WARNING: If a serviceability tool is not in use, please run with -Djdk.instrument.traceUsage for more information
WARNING: Dynamic loading of agents will be disallowed by default in a future release
]]></system-err>
  </testcase>
  <testcase name="testRegisterUser" classname="com.betterfb.UserControllerTest" time="0.014"/>
  <testcase name="testEditUser_Success" classname="com.betterfb.UserControllerTest" time="0.007">
    <system-out><![CDATA[Received request to edit user with ID: 1
Received request body: {surname=updatedSurname, name=updatedName, userId=1, email=updatedEmail@example.com, username=updatedUsername}
]]></system-out>
  </testcase>
  <testcase name="testRequestPasswordReset_Success" classname="com.betterfb.UserControllerTest" time="0.014"/>
  <testcase name="testRequestPasswordReset_UserNotFound" classname="com.betterfb.UserControllerTest" time="0.002"/>
  <testcase name="testRegisterUser_InvalidCredentials" classname="com.betterfb.UserControllerTest" time="0.001"/>
  <testcase name="testLoginUser_InvalidCredentials" classname="com.betterfb.UserControllerTest" time="0.001"/>
  <testcase name="testLoginUser_ValidCredentials" classname="com.betterfb.UserControllerTest" time="0.001"/>
</testsuite>